<?xml version="1.0" encoding="UTF-8" ?>
<testsuite tests="6" failures="2" name="ru.lamoda.Tests" time="12.02" errors="0" skipped="3">
  <properties>
[...]
</properties>
  <testcase classname="ru.lamoda.Tests" name="failTest" time="0.011">
    <skipped/>
    <system-out>Configuring TestNG with: org.apache.maven.surefire.testng.conf.TestNG652Configurator@34340fab
</system-out>
    <system-err>SLF4J: Failed to load class &quot;org.slf4j.impl.StaticLoggerBinder&quot;.
SLF4J: Defaulting to no-operation (NOP) logger implementation
SLF4J: See http://www.slf4j.org/codes.html#StaticLoggerBinder for further details.
Starting ChromeDriver 83.0.4103.39 (ccbf011cb2d2b19b506d844400483861342c20cd-refs/branch-heads/4103@{#416}) on port 41192
Only local connections are allowed.
Please see https://chromedriver.chromium.org/security-considerations for suggestions on keeping ChromeDriver safe.
ChromeDriver was started successfully.
июн. 18, 2020 6:49:48 PM org.openqa.selenium.remote.ProtocolHandshake createSession
INFO: Detected dialect: W3C
</system-err>
  </testcase>
  <testcase classname="ru.lamoda.Tests" name="failTest" time="0">
    <skipped/>
  </testcase>
  <testcase classname="ru.lamoda.Tests" name="failTest" time="0">
    <skipped/>
  </testcase>
  <testcase classname="ru.lamoda.Tests" name="failTest" time="0.012">
    <failure message="/ by zero" type="java.lang.ArithmeticException">java.lang.ArithmeticException: / by zero
	at ru.lamoda.Tests.failTest(Tests.java:89)
</failure>
  </testcase>
  <testcase classname="ru.lamoda.Tests" name="negativeCase" time="6.582">
    <failure message="expected:&lt;[Это поле необходимо заполнить].&gt; but was:&lt;[Р­С‚Рѕ РїРѕР»Рµ РЅРµРѕР±С…РѕРґРёРјРѕ Р·Р°РїРѕР»РЅРёС‚СЊ].&gt;" type="org.junit.ComparisonFailure">org.junit.ComparisonFailure: expected:&lt;[Это поле необходимо заполнить].&gt; but was:&lt;[Р­С‚Рѕ РїРѕР»Рµ РЅРµРѕР±С…РѕРґРёРјРѕ Р·Р°РїРѕР»РЅРёС‚СЊ].&gt;
	at org.junit.Assert.assertEquals(Assert.java:117)
	at org.junit.Assert.assertEquals(Assert.java:146)
	at ru.lamoda.Tests.negativeCase(Tests.java:71)
</failure>
  </testcase>
  <testcase classname="ru.lamoda.Tests" name="positiveCase" time="5.415"/>
</testsuite>