<?xml version="1.0" encoding="UTF-8"?>
<!-- Generated by org.testng.reporters.JUnitXMLReporter -->
<testsuite ignored="0" hostname="DESKTOP-SUPA3AD" failures="2" tests="6" name="Command line test" time="19.477" errors="0" timestamp="2020-06-18T18:50:02 MSK">
  <testcase classname="ru.lamoda.Tests" name="failTest" time="0.004">
    <skipped/>
  </testcase> <!-- failTest -->
  <testcase classname="ru.lamoda.Tests" name="failTest" time="0.0">
    <skipped/>
  </testcase> <!-- failTest -->
  <testcase classname="ru.lamoda.Tests" name="failTest" time="0.0">
    <skipped/>
  </testcase> <!-- failTest -->
  <testcase classname="ru.lamoda.Tests" name="failTest" time="0.001">
    <failure type="java.lang.ArithmeticException" message="/ by zero">
      <![CDATA[java.lang.ArithmeticException: / by zero
at ru.lamoda.Tests.failTest(Tests.java:89)
at java.base/java.util.ArrayList.forEach(ArrayList.java:1510)
... Removed 36 stack frames]]>
    </failure>
  </testcase> <!-- failTest -->
  <testcase classname="ru.lamoda.Tests" name="negativeCase" time="6.576">
    <failure type="org.junit.ComparisonFailure" message="expected:&amp;lt;[Это поле необходимо заполнить].&amp;gt; but was:&amp;lt;[Р­С‚Рѕ РїРѕР»Рµ РЅРµРѕР±С…РѕРґРёРјРѕ Р·Р°РїРѕР»РЅРёС‚СЊ].&amp;gt;">
      <![CDATA[org.junit.ComparisonFailure: expected:<[Это поле необходимо заполнить].> but was:<[Р­С‚Рѕ РїРѕР»Рµ РЅРµРѕР±С…РѕРґРёРјРѕ Р·Р°РїРѕР»РЅРёС‚СЊ].>
at org.junit.Assert.assertEquals(Assert.java:117)
at org.junit.Assert.assertEquals(Assert.java:146)
at ru.lamoda.Tests.negativeCase(Tests.java:71)
at java.base/java.util.ArrayList.forEach(ArrayList.java:1510)
... Removed 36 stack frames]]>
    </failure>
  </testcase> <!-- negativeCase -->
  <testcase classname="ru.lamoda.Tests" name="positiveCase" time="5.417"/>
</testsuite> <!-- Command line test -->
